<?xml version="1.0" encoding="UTF-8"?>
<!-- Generated by org.testng.reporters.JUnitReportReporter -->
<testsuite hostname="KOCWX21981" failures="0" tests="1" name="testng.stream1" time="0.019" errors="0" timestamp="2022-11-01T21:52:07 IST" skipped="0">
  <testcase classname="testng.stream1" name="streamCollect" time="0.019"/>
  <system-out/>
</testsuite> <!-- testng.stream1 -->
